<?xml version="1.0" encoding="UTF-8"?>
<testng-results ignored="0" total="3" passed="3" failed="0" skipped="0">
  <reporter-output>
  </reporter-output>
  <suite started-at="2026-02-17T16:33:55 IST" name="Default suite" finished-at="2026-02-17T16:34:08 IST" duration-ms="12744">
    <groups>
    </groups>
    <test started-at="2026-02-17T16:33:55 IST" name="Default test" finished-at="2026-02-17T16:34:08 IST" duration-ms="12744">
      <class name="TestNG.LoginTest">
        <test-method signature="loginTest(java.lang.String,java.lang.String)[pri:0, instance:TestNG.LoginTest@333291e3]" started-at="2026-02-17T16:33:55 IST" name="loginTest" data-provider="loginData" finished-at="2026-02-17T16:33:59 IST" duration-ms="3900" status="PASS">
          <params>
            <param index="0">
              <value>
                <![CDATA[user1]]>
              </value>
            </param>
            <param index="1">
              <value>
                <![CDATA[pass1]]>
              </value>
            </param>
          </params>
          <reporter-output>
          </reporter-output>
        </test-method> <!-- loginTest -->
        <test-method signature="loginTest(java.lang.String,java.lang.String)[pri:0, instance:TestNG.LoginTest@333291e3]" started-at="2026-02-17T16:33:59 IST" name="loginTest" data-provider="loginData" finished-at="2026-02-17T16:34:04 IST" duration-ms="5321" status="PASS">
          <params>
            <param index="0">
              <value>
                <![CDATA[user2]]>
              </value>
            </param>
            <param index="1">
              <value>
                <![CDATA[pass2]]>
              </value>
            </param>
          </params>
          <reporter-output>
          </reporter-output>
        </test-method> <!-- loginTest -->
        <test-method signature="loginTest(java.lang.String,java.lang.String)[pri:0, instance:TestNG.LoginTest@333291e3]" started-at="2026-02-17T16:34:04 IST" name="loginTest" data-provider="loginData" finished-at="2026-02-17T16:34:08 IST" duration-ms="3492" status="PASS">
          <params>
            <param index="0">
              <value>
                <![CDATA[user3]]>
              </value>
            </param>
            <param index="1">
              <value>
                <![CDATA[pass3]]>
              </value>
            </param>
          </params>
          <reporter-output>
          </reporter-output>
        </test-method> <!-- loginTest -->
      </class> <!-- TestNG.LoginTest -->
    </test> <!-- Default test -->
  </suite> <!-- Default suite -->
</testng-results>
