<?xml version="1.0" encoding="UTF-8"?>
<!-- Generated by org.testng.reporters.JUnitReportReporter -->
<testsuite hostname="PRASHANTH" failures="0" tests="3" name="TestNG.TestClass" time="0.011" errors="0" timestamp="2026-03-02T10:41:23 IST" skipped="0">
  <testcase classname="TestNG.TestClass" name="test1" time="0.009"/>
  <testcase classname="TestNG.TestClass" name="test2" time="0.001"/>
  <testcase classname="TestNG.TestClass" name="test3" time="0.001"/>
</testsuite> <!-- TestNG.TestClass -->
