<?xml version="1.0" encoding="UTF-8"?>
<!-- Generated by org.testng.reporters.JUnitReportReporter -->
<testsuite hostname="PRASHANTH" failures="0" tests="3" name="TestNG.LoginTest" time="12.713" errors="0" timestamp="2026-02-17T16:34:08 IST" skipped="0">
  <testcase classname="TestNG.LoginTest" name="loginTest" time="3.900"/>
  <testcase classname="TestNG.LoginTest" name="loginTest" time="5.321"/>
  <testcase classname="TestNG.LoginTest" name="loginTest" time="3.492"/>
</testsuite> <!-- TestNG.LoginTest -->
