<?xml version="1.0" encoding="UTF-8"?>
<testng-results ignored="0" total="1" passed="1" failed="0" skipped="0">
  <reporter-output>
  </reporter-output>
  <suite started-at="2026-02-18T18:01:52 IST" name="Grid Suite" finished-at="2026-02-18T18:01:54 IST" duration-ms="1868">
    <groups>
    </groups>
    <test started-at="2026-02-18T18:01:52 IST" name="Chrome Test" finished-at="2026-02-18T18:01:54 IST" duration-ms="1868">
      <class name="Selenium_WebDriver.SeleniumGrid">
        <test-method signature="gridTest(java.lang.String)[pri:0, instance:Selenium_WebDriver.SeleniumGrid@123ef382]" started-at="2026-02-18T18:01:52 IST" name="gridTest" finished-at="2026-02-18T18:01:54 IST" duration-ms="1830" status="PASS">
          <params>
            <param index="0">
              <value>
                <![CDATA[chrome]]>
              </value>
            </param>
          </params>
          <reporter-output>
          </reporter-output>
        </test-method> <!-- gridTest -->
      </class> <!-- Selenium_WebDriver.SeleniumGrid -->
    </test> <!-- Chrome Test -->
  </suite> <!-- Grid Suite -->
</testng-results>
