<?xml version="1.0" encoding="UTF-8"?>
<!-- Generated by org.testng.reporters.JUnitXMLReporter -->
<testsuite ignored="0" hostname="PRASHANTH" failures="5" tests="10" name="LoginTests" time="41.594" errors="0" timestamp="2026-02-27T17:29:33 IST">
  <testcase classname="tests.LoginTest" name="negative1_wrongPassword" time="0.398">
    <failure type="java.lang.AssertionError" message="expected [true] but found [false]">
      <![CDATA[java.lang.AssertionError: expected [true] but found [false]
at tests.LoginTest.negative1_wrongPassword(LoginTest.java:57)
at java.base/java.util.ArrayList.forEach(ArrayList.java:1604)
... Removed 29 stack frames]]>
    </failure>
  </testcase> <!-- negative1_wrongPassword -->
  <testcase classname="tests.LoginTest" name="negative2_wrongUsername" time="0.388">
    <failure type="java.lang.AssertionError" message="expected [true] but found [false]">
      <![CDATA[java.lang.AssertionError: expected [true] but found [false]
at tests.LoginTest.negative2_wrongUsername(LoginTest.java:64)
at java.base/java.util.ArrayList.forEach(ArrayList.java:1604)
... Removed 29 stack frames]]>
    </failure>
  </testcase> <!-- negative2_wrongUsername -->
  <testcase classname="tests.LoginTest" name="negative3_bothWrong" time="0.286">
    <failure type="java.lang.AssertionError" message="expected [true] but found [false]">
      <![CDATA[java.lang.AssertionError: expected [true] but found [false]
at tests.LoginTest.negative3_bothWrong(LoginTest.java:71)
at java.base/java.util.ArrayList.forEach(ArrayList.java:1604)
... Removed 29 stack frames]]>
    </failure>
  </testcase> <!-- negative3_bothWrong -->
  <testcase classname="tests.LoginTest" name="negative4_emptyFields" time="0.356">
    <failure type="java.lang.AssertionError" message="expected [true] but found [false]">
      <![CDATA[java.lang.AssertionError: expected [true] but found [false]
at tests.LoginTest.negative4_emptyFields(LoginTest.java:78)
at java.base/java.util.ArrayList.forEach(ArrayList.java:1604)
... Removed 29 stack frames]]>
    </failure>
  </testcase> <!-- negative4_emptyFields -->
  <testcase classname="tests.LoginTest" name="negative5_emptyPassword" time="0.238">
    <failure type="java.lang.AssertionError" message="expected [true] but found [false]">
      <![CDATA[java.lang.AssertionError: expected [true] but found [false]
at tests.LoginTest.negative5_emptyPassword(LoginTest.java:85)
at java.base/java.util.ArrayList.forEach(ArrayList.java:1604)
... Removed 29 stack frames]]>
    </failure>
  </testcase> <!-- negative5_emptyPassword -->
  <testcase classname="tests.LoginTest" name="positive1_validLogin" time="0.987"/>
  <testcase classname="tests.LoginTest" name="positive2_validLoginAgain" time="0.979"/>
  <testcase classname="tests.LoginTest" name="positive3_caseSensitiveCorrect" time="1.061"/>
  <testcase classname="tests.LoginTest" name="positive4_validLoginRefresh" time="1.04"/>
  <testcase classname="tests.LoginTest" name="positive5_multipleValidAttempts" time="1.061"/>
</testsuite> <!-- LoginTests -->
