<?xml version="1.0" encoding="UTF-8"?>
<!-- Generated by org.testng.reporters.JUnitXMLReporter -->
<testsuite ignored="0" hostname="PRASHANTH" failures="0" tests="3" name="Default test" time="18.928" errors="0" timestamp="2026-02-18T12:09:31 IST">
  <testcase classname="TestNGMaven.DBloginSelector" name="loginTest" time="6.945"/>
  <testcase classname="TestNGMaven.DBloginSelector" name="loginTest" time="5.823"/>
  <testcase classname="TestNGMaven.DBloginSelector" name="loginTest" time="5.811"/>
</testsuite> <!-- Default test -->
