<?xml version="1.0" encoding="UTF-8"?>
<!-- Generated by org.testng.reporters.JUnitReportReporter -->
<testsuite hostname="PRASHANTH" failures="0" tests="3" name="TestNGMaven.LoginTestCsv" time="9.267" errors="0" timestamp="2026-02-18T11:02:32 IST" skipped="0">
  <testcase classname="TestNGMaven.LoginTestCsv" name="loginTest" time="2.957"/>
  <testcase classname="TestNGMaven.LoginTestCsv" name="loginTest" time="3.016"/>
  <testcase classname="TestNGMaven.LoginTestCsv" name="loginTest" time="3.294"/>
</testsuite> <!-- TestNGMaven.LoginTestCsv -->
