<?xml version="1.0" encoding="UTF-8"?>
<!-- Generated by org.testng.reporters.JUnitReportReporter -->
<testsuite hostname="PRASHANTH" failures="0" tests="3" name="TestNGMaven.DBloginSelector" time="18.579" errors="0" timestamp="2026-02-18T12:09:31 IST" skipped="0">
  <testcase classname="TestNGMaven.DBloginSelector" name="loginTest" time="5.811"/>
  <testcase classname="TestNGMaven.DBloginSelector" name="loginTest" time="5.823"/>
  <testcase classname="TestNGMaven.DBloginSelector" name="loginTest" time="6.945"/>
</testsuite> <!-- TestNGMaven.DBloginSelector -->
