<?xml version="1.0" encoding="UTF-8"?>
<!-- Generated by org.testng.reporters.JUnitReportReporter -->
<testsuite hostname="PRASHANTH" failures="0" tests="3" name="TestNGMaven.DBlogin" time="24.937" errors="0" timestamp="2026-02-18T12:05:53 IST" skipped="0">
  <testcase classname="TestNGMaven.DBlogin" name="loginTest" time="5.822"/>
  <testcase classname="TestNGMaven.DBlogin" name="loginTest" time="13.383"/>
  <testcase classname="TestNGMaven.DBlogin" name="loginTest" time="5.732"/>
</testsuite> <!-- TestNGMaven.DBlogin -->
