<?xml version="1.0" encoding="UTF-8"?>
<!-- Generated by org.testng.reporters.JUnitXMLReporter -->
<testsuite ignored="0" hostname="PRASHANTH" failures="0" tests="3" name="Default test" time="12.744" errors="0" timestamp="2026-02-17T16:34:08 IST">
  <testcase classname="TestNG.LoginTest" name="loginTest" time="3.9"/>
  <testcase classname="TestNG.LoginTest" name="loginTest" time="5.321"/>
  <testcase classname="TestNG.LoginTest" name="loginTest" time="3.492"/>
</testsuite> <!-- Default test -->
