<?xml version="1.0" encoding="UTF-8"?>
<testng-results ignored="0" total="3" passed="3" failed="0" skipped="0">
  <reporter-output>
  </reporter-output>
  <suite started-at="2026-02-18T12:09:12 IST" name="Default suite" finished-at="2026-02-18T12:09:31 IST" duration-ms="18928">
    <groups>
    </groups>
    <test started-at="2026-02-18T12:09:12 IST" name="Default test" finished-at="2026-02-18T12:09:31 IST" duration-ms="18928">
      <class name="TestNGMaven.DBloginSelector">
        <test-method signature="loginTest(java.lang.String,java.lang.String)[pri:0, instance:TestNGMaven.DBloginSelector@291ae]" started-at="2026-02-18T12:09:12 IST" name="loginTest" data-provider="loginData" finished-at="2026-02-18T12:09:19 IST" duration-ms="6945" status="PASS">
          <params>
            <param index="0">
              <value>
                <![CDATA[student]]>
              </value>
            </param>
            <param index="1">
              <value>
                <![CDATA[Password123]]>
              </value>
            </param>
          </params>
          <reporter-output>
          </reporter-output>
        </test-method> <!-- loginTest -->
        <test-method signature="loginTest(java.lang.String,java.lang.String)[pri:0, instance:TestNGMaven.DBloginSelector@291ae]" started-at="2026-02-18T12:09:19 IST" name="loginTest" data-provider="loginData" finished-at="2026-02-18T12:09:25 IST" duration-ms="5823" status="PASS">
          <params>
            <param index="0">
              <value>
                <![CDATA[user1]]>
              </value>
            </param>
            <param index="1">
              <value>
                <![CDATA[pass1]]>
              </value>
            </param>
          </params>
          <reporter-output>
          </reporter-output>
        </test-method> <!-- loginTest -->
        <test-method signature="loginTest(java.lang.String,java.lang.String)[pri:0, instance:TestNGMaven.DBloginSelector@291ae]" started-at="2026-02-18T12:09:25 IST" name="loginTest" data-provider="loginData" finished-at="2026-02-18T12:09:31 IST" duration-ms="5811" status="PASS">
          <params>
            <param index="0">
              <value>
                <![CDATA[user2]]>
              </value>
            </param>
            <param index="1">
              <value>
                <![CDATA[pass2]]>
              </value>
            </param>
          </params>
          <reporter-output>
          </reporter-output>
        </test-method> <!-- loginTest -->
      </class> <!-- TestNGMaven.DBloginSelector -->
    </test> <!-- Default test -->
  </suite> <!-- Default suite -->
</testng-results>
