<?xml version="1.0" encoding="UTF-8"?>
<testng-results ignored="0" total="1" passed="1" failed="0" skipped="0">
  <reporter-output>
  </reporter-output>
  <suite started-at="2026-02-27T17:52:04 IST" name="Default suite" finished-at="2026-02-27T17:52:05 IST" duration-ms="1779">
    <groups>
    </groups>
    <test started-at="2026-02-27T17:52:04 IST" name="Default test" finished-at="2026-02-27T17:52:05 IST" duration-ms="1779">
      <class name="TestNGMaven.APITest">
        <test-method signature="getUserTest()[pri:0, instance:TestNGMaven.APITest@3c407114]" started-at="2026-02-27T17:52:04 IST" name="getUserTest" finished-at="2026-02-27T17:52:05 IST" duration-ms="1749" status="PASS">
          <reporter-output>
          </reporter-output>
        </test-method> <!-- getUserTest -->
      </class> <!-- TestNGMaven.APITest -->
    </test> <!-- Default test -->
  </suite> <!-- Default suite -->
</testng-results>
